Compiling the C compiler identification source file "CMakeCCompilerId.c" failed.
Compiler: C:/MinGW/bin/gcc.exe 
Build flags: 
Id flags:  

The output was:
1
gcc.exe: error: CreateProcess: No such file or directory


Compiling the C compiler identification source file "CMakeCCompilerId.c" failed.
Compiler: C:/MinGW/bin/gcc.exe 
Build flags: 
Id flags: -c 

The output was:
1
gcc.exe: error: CreateProcess: No such file or directory


Compiling the C compiler identification source file "CMakeCCompilerId.c" failed.
Compiler: C:/MinGW/bin/gcc.exe 
Build flags: 
Id flags: -Aa 

The output was:
1
gcc.exe: error: CreateProcess: No such file or directory


Compiling the C compiler identification source file "CMakeCCompilerId.c" failed.
Compiler: C:/MinGW/bin/gcc.exe 
Build flags: 
Id flags: -D__CLASSIC_C__ 

The output was:
1
gcc.exe: error: CreateProcess: No such file or directory


Compiling the C compiler identification source file "CMakeCCompilerId.c" failed.
Compiler: C:/MinGW/bin/gcc.exe 
Build flags: 
Id flags: --target=arm-arm-none-eabi;-mcpu=cortex-m3 

The output was:
1
gcc.exe: warning: '-mcpu=' is deprecated; use '-mtune=' or '-march=' instead
gcc.exe: error: CreateProcess: No such file or directory


Compiling the C compiler identification source file "CMakeCCompilerId.c" failed.
Compiler: C:/MinGW/bin/gcc.exe 
Build flags: 
Id flags:  

The output was:
1
gcc.exe: error: CreateProcess: No such file or directory


Compiling the C compiler identification source file "CMakeCCompilerId.c" failed.
Compiler: C:/MinGW/bin/gcc.exe 
Build flags: 
Id flags: -c 

The output was:
1
gcc.exe: error: CreateProcess: No such file or directory


Compiling the C compiler identification source file "CMakeCCompilerId.c" failed.
Compiler: C:/MinGW/bin/gcc.exe 
Build flags: 
Id flags: -Aa 

The output was:
1
gcc.exe: error: CreateProcess: No such file or directory


Compiling the C compiler identification source file "CMakeCCompilerId.c" failed.
Compiler: C:/MinGW/bin/gcc.exe 
Build flags: 
Id flags: -D__CLASSIC_C__ 

The output was:
1
gcc.exe: error: CreateProcess: No such file or directory


Compiling the C compiler identification source file "CMakeCCompilerId.c" failed.
Compiler: C:/MinGW/bin/gcc.exe 
Build flags: 
Id flags: --target=arm-arm-none-eabi;-mcpu=cortex-m3 

The output was:
1
gcc.exe: warning: '-mcpu=' is deprecated; use '-mtune=' or '-march=' instead
gcc.exe: error: CreateProcess: No such file or directory


Checking whether the C compiler is IAR using "" did not match "IAR .+ Compiler":
gcc.exe: fatal error: no input files
compilation terminated.
Checking whether the C compiler is IAR using "" did not match "IAR .+ Compiler":
gcc.exe: fatal error: no input files
compilation terminated.
Determining if the C compiler works failed with the following output:
Change Dir: C:/Users/hong/Downloads/untitled/untitled/cmake-build-debug/CMakeFiles/CMakeTmp

Run Build Command(s):C:/MinGW/bin/mingw32-make.exe cmTC_65ad2/fast && C:/MinGW/bin/mingw32-make.exe -f CMakeFiles\cmTC_65ad2.dir\build.make CMakeFiles/cmTC_65ad2.dir/build
mingw32-make.exe[1]: Entering directory 'C:/Users/hong/Downloads/untitled/untitled/cmake-build-debug/CMakeFiles/CMakeTmp'
Building C object CMakeFiles/cmTC_65ad2.dir/testCCompiler.c.obj
C:\MinGW\bin\gcc.exe    -o CMakeFiles\cmTC_65ad2.dir\testCCompiler.c.obj   -c C:\Users\hong\Downloads\untitled\untitled\cmake-build-debug\CMakeFiles\CMakeTmp\testCCompiler.c
gcc.exe: error: CreateProcess: No such file or directory
CMakeFiles\cmTC_65ad2.dir\build.make:64: recipe for target 'CMakeFiles/cmTC_65ad2.dir/testCCompiler.c.obj' failed
mingw32-make.exe[1]: *** [CMakeFiles/cmTC_65ad2.dir/testCCompiler.c.obj] Error 1
mingw32-make.exe[1]: Leaving directory 'C:/Users/hong/Downloads/untitled/untitled/cmake-build-debug/CMakeFiles/CMakeTmp'
Makefile:120: recipe for target 'cmTC_65ad2/fast' failed
mingw32-make.exe: *** [cmTC_65ad2/fast] Error 2



