c:\users\hong\documents\visual studio 2013\projects\macdonald\macdonald\debug\vc120.pdb
c:\users\hong\documents\visual studio 2013\projects\macdonald\macdonald\debug\vc120.idb
c:\users\hong\documents\visual studio 2013\projects\macdonald\macdonald\debug\main.obj
c:\users\hong\documents\visual studio 2013\projects\macdonald\macdonald\debug\mainmenu.obj
c:\users\hong\documents\visual studio 2013\projects\macdonald\macdonald\debug\basket.obj
c:\users\hong\documents\visual studio 2013\projects\macdonald\macdonald\debug\beverage.obj
c:\users\hong\documents\visual studio 2013\projects\macdonald\macdonald\debug\burger.obj
c:\users\hong\documents\visual studio 2013\projects\macdonald\macdonald\debug\sidemenu.obj
c:\users\hong\documents\visual studio 2013\projects\macdonald\macdonald\debug\receipt.obj
c:\users\hong\documents\visual studio 2013\projects\macdonald\macdonald\debug\menu.obj
c:\users\hong\documents\visual studio 2013\projects\macdonald\macdonald\debug\showall.obj
c:\users\hong\documents\visual studio 2013\projects\macdonald\macdonald\debug\function.obj
c:\users\hong\documents\visual studio 2013\projects\macdonald\debug\macdonald.ilk
c:\users\hong\documents\visual studio 2013\projects\macdonald\debug\macdonald.exe
c:\users\hong\documents\visual studio 2013\projects\macdonald\debug\macdonald.pdb
c:\users\hong\documents\visual studio 2013\projects\macdonald\macdonald\debug\macdonald.tlog\cl.command.1.tlog
c:\users\hong\documents\visual studio 2013\projects\macdonald\macdonald\debug\macdonald.tlog\cl.read.1.tlog
c:\users\hong\documents\visual studio 2013\projects\macdonald\macdonald\debug\macdonald.tlog\cl.write.1.tlog
c:\users\hong\documents\visual studio 2013\projects\macdonald\macdonald\debug\macdonald.tlog\link-cvtres.read.1.tlog
c:\users\hong\documents\visual studio 2013\projects\macdonald\macdonald\debug\macdonald.tlog\link-cvtres.write.1.tlog
c:\users\hong\documents\visual studio 2013\projects\macdonald\macdonald\debug\macdonald.tlog\link-rc.read.1.tlog
c:\users\hong\documents\visual studio 2013\projects\macdonald\macdonald\debug\macdonald.tlog\link-rc.write.1.tlog
c:\users\hong\documents\visual studio 2013\projects\macdonald\macdonald\debug\macdonald.tlog\link.3680-cvtres.read.1.tlog
c:\users\hong\documents\visual studio 2013\projects\macdonald\macdonald\debug\macdonald.tlog\link.3680-cvtres.write.1.tlog
c:\users\hong\documents\visual studio 2013\projects\macdonald\macdonald\debug\macdonald.tlog\link.3680-rc.read.1.tlog
c:\users\hong\documents\visual studio 2013\projects\macdonald\macdonald\debug\macdonald.tlog\link.3680-rc.write.1.tlog
c:\users\hong\documents\visual studio 2013\projects\macdonald\macdonald\debug\macdonald.tlog\link.3680.read.1.tlog
c:\users\hong\documents\visual studio 2013\projects\macdonald\macdonald\debug\macdonald.tlog\link.3680.write.1.tlog
c:\users\hong\documents\visual studio 2013\projects\macdonald\macdonald\debug\macdonald.tlog\link.command.1.tlog
c:\users\hong\documents\visual studio 2013\projects\macdonald\macdonald\debug\macdonald.tlog\link.read.1.tlog
c:\users\hong\documents\visual studio 2013\projects\macdonald\macdonald\debug\macdonald.tlog\link.write.1.tlog
